#
# There is insufficient memory for the Java Runtime Environment to continue.
# Native memory allocation (malloc) failed to allocate 24 bytes for AllocateHeap
# Possible reasons:
#   The system is out of physical RAM or swap space
#   In 32 bit mode, the process size limit was hit
# Possible solutions:
#   Reduce memory load on the system
#   Increase physical memory or swap space
#   Check if swap backing store is full
#   Use 64 bit Java on a 64 bit OS
#   Decrease Java heap size (-Xmx/-Xms)
#   Decrease number of Java threads
#   Decrease Java thread stack sizes (-Xss)
#   Set larger code cache with -XX:ReservedCodeCacheSize=
# This output file may be truncated or incomplete.
#
#  Out of Memory Error (memory/allocation.inline.hpp:61), pid=4404, tid=0x00000000000006cc
#
# JRE version: Java(TM) SE Runtime Environment (8.0_121-b13) (build 1.8.0_121-b13)
# Java VM: Java HotSpot(TM) 64-Bit Server VM (25.121-b13 mixed mode windows-amd64 compressed oops)
# Failed to write core dump. Minidumps are not enabled by default on client versions of Windows
#

---------------  T H R E A D  ---------------

Current thread (0x0000000002c85800):  JavaThread "main" [_thread_in_vm, id=1740, stack(0x0000000002b80000,0x0000000002c80000)]

Stack: [0x0000000002b80000,0x0000000002c80000]
[error occurred during error reporting (printing stack bounds), id 0xc0000005]

Native frames: (J=compiled Java code, j=interpreted, Vv=VM code, C=native code)

Java frames: (J=compiled Java code, j=interpreted, Vv=VM code)
j  java.lang.Throwable.printStackTrace(Ljava/io/PrintWriter;)V+1
j  com.sun.tools.javac.main.Main.resourceMessage(Ljava/lang/Throwable;)V+27
j  com.sun.tools.javac.main.Main.compile([Ljava/lang/String;[Ljava/lang/String;Lcom/sun/tools/javac/util/Context;Lcom/sun/tools/javac/util/List;Ljava/lang/Iterable;)Lcom/sun/tools/javac/main/Main$Result;+1614
j  com.sun.tools.javac.main.Main.compile([Ljava/lang/String;Lcom/sun/tools/javac/util/Context;Lcom/sun/tools/javac/util/List;Ljava/lang/Iterable;)Lcom/sun/tools/javac/main/Main$Result;+7
j  com.sun.tools.javac.main.Main.compile([Ljava/lang/String;Lcom/sun/tools/javac/util/Context;)Lcom/sun/tools/javac/main/Main$Result;+7
j  com.sun.tools.javac.main.Main.compile([Ljava/lang/String;)Lcom/sun/tools/javac/main/Main$Result;+15
j  com.sun.tools.javac.Main.compile([Ljava/lang/String;)I+12
j  com.sun.tools.javac.Main.main([Ljava/lang/String;)V+1
v  ~StubRoutines::call_stub

---------------  P R O C E S S  ---------------

Java Threads: ( => current thread )
  0x0000000018e14800 JavaThread "Service Thread" daemon [_thread_blocked, id=6688, stack(0x0000000019650000,0x0000000019750000)]
  0x0000000018d7f800 JavaThread "C1 CompilerThread2" daemon [_thread_blocked, id=216, stack(0x0000000019550000,0x0000000019650000)]
  0x0000000018d73800 JavaThread "C2 CompilerThread1" daemon [_thread_blocked, id=4620, stack(0x0000000019450000,0x0000000019550000)]
  0x0000000018d6f800 JavaThread "C2 CompilerThread0" daemon [_thread_blocked, id=8360, stack(0x0000000019350000,0x0000000019450000)]
  0x0000000018d6c800 JavaThread "Attach Listener" daemon [_thread_blocked, id=11420, stack(0x0000000019250000,0x0000000019350000)]
  0x0000000018d6b000 JavaThread "Signal Dispatcher" daemon [_thread_blocked, id=10844, stack(0x0000000019150000,0x0000000019250000)]
  0x0000000017905800 JavaThread "Finalizer" daemon [_thread_blocked, id=2736, stack(0x0000000018b40000,0x0000000018c40000)]
  0x00000000178d8000 JavaThread "Reference Handler" daemon [_thread_blocked, id=3144, stack(0x0000000018a40000,0x0000000018b40000)]
=>0x0000000002c85800 JavaThread "main" [_thread_in_vm, id=1740, stack(0x0000000002b80000,0x0000000002c80000)]

Other Threads:
  0x00000000178c6800 VMThread [stack: 0x0000000018940000,0x0000000018a40000] [id=7728]
  0x0000000018e25800 WatcherThread [stack: 0x0000000019750000,0x0000000019850000] [id=2884]

VM state:not at safepoint (normal execution)

VM Mutex/Monitor currently owned by a thread:  ([mutex/lock_event])
[0x0000000002c824d0] SystemDictionary_lock - owner thread: 0x0000000002c85800

Heap:
 PSYoungGen      total 2048K, used 291K [0x00000000d5d00000, 0x00000000d5f80000, 0x0000000100000000)
  eden space 1536K, 18% used [0x00000000d5d00000,0x00000000d5d48cf0,0x00000000d5e80000)
  from space 512K, 0% used [0x00000000d5f00000,0x00000000d5f00000,0x00000000d5f80000)
  to   space 512K, 0% used [0x00000000d5e80000,0x00000000d5e80000,0x00000000d5f00000)
 ParOldGen       total 5632K, used 529K [0x0000000081600000, 0x0000000081b80000, 0x00000000d5d00000)
  object space 5632K, 9% used [0x0000000081600000,0x0000000081684680,0x0000000081b80000)
 Metaspace       used 4244K, capacity 5428K, committed 5760K, reserved 1058816K
  class space    used 513K, capacity 560K, committed 640K, reserved 1048576K

Card table byte_map: [0x0000000012140000,0x0000000012540000] byte_map_base: 0x0000000011d35000

Marking Bits: (ParMarkBitMap*) 0x00000000725ab6d0
 Begin Bits: [0x0000000012bf0000, 0x0000000014b98000)
 End Bits:   [0x0000000014b98000, 0x0000000016b40000)

Polling page: 0x0000000000b80000

CodeCache: size=245760Kb used=1386Kb max_used=1386Kb free=244373Kb
 bounds [0x0000000002d80000, 0x0000000002ff0000, 0x0000000011d80000]
 total_blobs=413 nmethods=169 adapters=157
 compilation: enabled

Compilation events (10 events):
Event: 0.198 Thread 0x0000000018d7f800  165       3       sun.misc.VM::addFinalRefCount (24 bytes)
Event: 0.198 Thread 0x0000000018d7f800 nmethod 165 0x0000000002ed87d0 code [0x0000000002ed8920, 0x0000000002ed8ad0]
Event: 0.217 Thread 0x0000000018d7f800  166       3       java.lang.ClassLoader::loadClass (7 bytes)
Event: 0.217 Thread 0x0000000018d7f800 nmethod 166 0x0000000002ed8390 code [0x0000000002ed8500, 0x0000000002ed8728]
Event: 0.217 Thread 0x0000000018d7f800  167       3       sun.misc.Launcher$AppClassLoader::loadClass (85 bytes)
Event: 0.217 Thread 0x0000000018d7f800 nmethod 167 0x0000000002eda450 code [0x0000000002eda680, 0x0000000002edb3a8]
Event: 0.218 Thread 0x0000000018d7f800  168       3       java.util.HashMap::newNode (13 bytes)
Event: 0.219 Thread 0x0000000018d7f800 nmethod 168 0x0000000002ed7e50 code [0x0000000002ed7fc0, 0x0000000002ed8270]
Event: 0.219 Thread 0x0000000018d7f800  169       3       java.util.HashMap::afterNodeInsertion (1 bytes)
Event: 0.219 Thread 0x0000000018d7f800 nmethod 169 0x0000000002ed7b50 code [0x0000000002ed7ca0, 0x0000000002ed7df0]

GC Heap History (10 events):
Event: 0.196 GC heap before
{Heap before GC invocations=2 (full 0):
 PSYoungGen      total 2048K, used 2031K [0x00000000d5d00000, 0x00000000d5f80000, 0x0000000100000000)
  eden space 1536K, 99% used [0x00000000d5d00000,0x00000000d5e7fdd8,0x00000000d5e80000)
  from space 512K, 96% used [0x00000000d5e80000,0x00000000d5efc010,0x00000000d5f00000)
  to   space 512K, 0% used [0x00000000d5f00000,0x00000000d5f00000,0x00000000d5f80000)
 ParOldGen       total 5632K, used 32K [0x0000000081600000, 0x0000000081b80000, 0x00000000d5d00000)
  object space 5632K, 0% used [0x0000000081600000,0x0000000081608000,0x0000000081b80000)
 Metaspace       used 4181K, capacity 5326K, committed 5504K, reserved 1056768K
  class space    used 500K, capacity 522K, committed 640K, reserved 1048576K
Event: 0.198 GC heap after
Heap after GC invocations=2 (full 0):
 PSYoungGen      total 2048K, used 496K [0x00000000d5d00000, 0x00000000d5f80000, 0x0000000100000000)
  eden space 1536K, 0% used [0x00000000d5d00000,0x00000000d5d00000,0x00000000d5e80000)
  from space 512K, 96% used [0x00000000d5f00000,0x00000000d5f7c010,0x00000000d5f80000)
  to   space 512K, 0% used [0x00000000d5e80000,0x00000000d5e80000,0x00000000d5f00000)
 ParOldGen       total 5632K, used 128K [0x0000000081600000, 0x0000000081b80000, 0x00000000d5d00000)
  object space 5632K, 2% used [0x0000000081600000,0x0000000081620000,0x0000000081b80000)
 Metaspace       used 4181K, capacity 5326K, committed 5504K, reserved 1056768K
  class space    used 500K, capacity 522K, committed 640K, reserved 1048576K
}
Event: 0.199 GC heap before
{Heap before GC invocations=3 (full 0):
 PSYoungGen      total 2048K, used 543K [0x00000000d5d00000, 0x00000000d5f80000, 0x0000000100000000)
  eden space 1536K, 3% used [0x00000000d5d00000,0x00000000d5d0bd90,0x00000000d5e80000)
  from space 512K, 96% used [0x00000000d5f00000,0x00000000d5f7c010,0x00000000d5f80000)
  to   space 512K, 0% used [0x00000000d5e80000,0x00000000d5e80000,0x00000000d5f00000)
 ParOldGen       total 5632K, used 128K [0x0000000081600000, 0x0000000081b80000, 0x00000000d5d00000)
  object space 5632K, 2% used [0x0000000081600000,0x0000000081620000,0x0000000081b80000)
 Metaspace       used 4185K, capacity 5326K, committed 5504K, reserved 1060864K
  class space    used 501K, capacity 522K, committed 640K, reserved 1048576K
Event: 0.201 GC heap after
Heap after GC invocations=3 (full 0):
 PSYoungGen      total 2048K, used 496K [0x00000000d5d00000, 0x00000000d5f80000, 0x0000000100000000)
  eden space 1536K, 0% used [0x00000000d5d00000,0x00000000d5d00000,0x00000000d5e80000)
  from space 512K, 96% used [0x00000000d5e80000,0x00000000d5efc010,0x00000000d5f00000)
  to   space 512K, 0% used [0x00000000d5f00000,0x00000000d5f00000,0x00000000d5f80000)
 ParOldGen       total 5632K, used 152K [0x0000000081600000, 0x0000000081b80000, 0x00000000d5d00000)
  object space 5632K, 2% used [0x0000000081600000,0x0000000081626000,0x0000000081b80000)
 Metaspace       used 4185K, capacity 5326K, committed 5504K, reserved 1060864K
  class space    used 501K, capacity 522K, committed 640K, reserved 1048576K
}
Event: 0.201 GC heap before
{Heap before GC invocations=4 (full 1):
 PSYoungGen      total 2048K, used 496K [0x00000000d5d00000, 0x00000000d5f80000, 0x0000000100000000)
  eden space 1536K, 0% used [0x00000000d5d00000,0x00000000d5d00000,0x00000000d5e80000)
  from space 512K, 96% used [0x00000000d5e80000,0x00000000d5efc010,0x00000000d5f00000)
  to   space 512K, 0% used [0x00000000d5f00000,0x00000000d5f00000,0x00000000d5f80000)
 ParOldGen       total 5632K, used 152K [0x0000000081600000, 0x0000000081b80000, 0x00000000d5d00000)
  object space 5632K, 2% used [0x0000000081600000,0x0000000081626000,0x0000000081b80000)
 Metaspace       used 4185K, capacity 5326K, committed 5504K, reserved 1060864K
  class space    used 501K, capacity 522K, committed 640K, reserved 1048576K
Event: 0.208 GC heap after
Heap after GC invocations=4 (full 1):
 PSYoungGen      total 2048K, used 0K [0x00000000d5d00000, 0x00000000d5f80000, 0x0000000100000000)
  eden space 1536K, 0% used [0x00000000d5d00000,0x00000000d5d00000,0x00000000d5e80000)
  from space 512K, 0% used [0x00000000d5e80000,0x00000000d5e80000,0x00000000d5f00000)
  to   space 512K, 0% used [0x00000000d5f00000,0x00000000d5f00000,0x00000000d5f80000)
 ParOldGen       total 5632K, used 547K [0x0000000081600000, 0x0000000081b80000, 0x00000000d5d00000)
  object space 5632K, 9% used [0x0000000081600000,0x0000000081688ec8,0x0000000081b80000)
 Metaspace       used 4185K, capacity 5326K, committed 5504K, reserved 1058816K
  class space    used 501K, capacity 522K, committed 640K, reserved 1048576K
}
Event: 0.208 GC heap before
{Heap before GC invocations=5 (full 1):
 PSYoungGen      total 2048K, used 0K [0x00000000d5d00000, 0x00000000d5f80000, 0x0000000100000000)
  eden space 1536K, 0% used [0x00000000d5d00000,0x00000000d5d00000,0x00000000d5e80000)
  from space 512K, 0% used [0x00000000d5e80000,0x00000000d5e80000,0x00000000d5f00000)
  to   space 512K, 0% used [0x00000000d5f00000,0x00000000d5f00000,0x00000000d5f80000)
 ParOldGen       total 5632K, used 547K [0x0000000081600000, 0x0000000081b80000, 0x00000000d5d00000)
  object space 5632K, 9% used [0x0000000081600000,0x0000000081688ec8,0x0000000081b80000)
 Metaspace       used 4185K, capacity 5326K, committed 5504K, reserved 1062912K
  class space    used 501K, capacity 522K, committed 640K, reserved 1048576K
Event: 0.209 GC heap after
Heap after GC invocations=5 (full 1):
 PSYoungGen      total 2048K, used 0K [0x00000000d5d00000, 0x00000000d5f80000, 0x0000000100000000)
  eden space 1536K, 0% used [0x00000000d5d00000,0x00000000d5d00000,0x00000000d5e80000)
  from space 512K, 0% used [0x00000000d5f00000,0x00000000d5f00000,0x00000000d5f80000)
  to   space 512K, 0% used [0x00000000d5e80000,0x00000000d5e80000,0x00000000d5f00000)
 ParOldGen       total 5632K, used 547K [0x0000000081600000, 0x0000000081b80000, 0x00000000d5d00000)
  object space 5632K, 9% used [0x0000000081600000,0x0000000081688ec8,0x0000000081b80000)
 Metaspace       used 4185K, capacity 5326K, committed 5504K, reserved 1062912K
  class space    used 501K, capacity 522K, committed 640K, reserved 1048576K
}
Event: 0.209 GC heap before
{Heap before GC invocations=6 (full 2):
 PSYoungGen      total 2048K, used 0K [0x00000000d5d00000, 0x00000000d5f80000, 0x0000000100000000)
  eden space 1536K, 0% used [0x00000000d5d00000,0x00000000d5d00000,0x00000000d5e80000)
  from space 512K, 0% used [0x00000000d5f00000,0x00000000d5f00000,0x00000000d5f80000)
  to   space 512K, 0% used [0x00000000d5e80000,0x00000000d5e80000,0x00000000d5f00000)
 ParOldGen       total 5632K, used 547K [0x0000000081600000, 0x0000000081b80000, 0x00000000d5d00000)
  object space 5632K, 9% used [0x0000000081600000,0x0000000081688ec8,0x0000000081b80000)
 Metaspace       used 4185K, capacity 5326K, committed 5504K, reserved 1062912K
  class space    used 501K, capacity 522K, committed 640K, reserved 1048576K
Event: 0.216 GC heap after
Heap after GC invocations=6 (full 2):
 PSYoungGen      total 2048K, used 0K [0x00000000d5d00000, 0x00000000d5f80000, 0x0000000100000000)
  eden space 1536K, 0% used [0x00000000d5d00000,0x00000000d5d00000,0x00000000d5e80000)
  from space 512K, 0% used [0x00000000d5f00000,0x00000000d5f00000,0x00000000d5f80000)
  to   space 512K, 0% used [0x00000000d5e80000,0x00000000d5e80000,0x00000000d5f00000)
 ParOldGen       total 5632K, used 529K [0x0000000081600000, 0x0000000081b80000, 0x00000000d5d00000)
  object space 5632K, 9% used [0x0000000081600000,0x0000000081684680,0x0000000081b80000)
 Metaspace       used 4185K, capacity 5326K, committed 5504K, reserved 1058816K
  class space    used 501K, capacity 522K, committed 640K, reserved 1048576K
}

Deoptimization events (0 events):
No events

Internal exceptions (10 events):
Event: 0.030 Thread 0x0000000002c85800 Exception <a 'java/lang/NoSuchMethodError': Method sun.misc.Unsafe.defineClass(Ljava/lang/String;[BII)Ljava/lang/Class; name or signature does not match> (0x00000000d5d07cd8) thrown at [C:\re\workspace\8-2-build-windows-amd64-cygwin\jdk8u121\8372\hotspot\
Event: 0.030 Thread 0x0000000002c85800 Exception <a 'java/lang/NoSuchMethodError': Method sun.misc.Unsafe.prefetchRead(Ljava/lang/Object;J)V name or signature does not match> (0x00000000d5d07fc0) thrown at [C:\re\workspace\8-2-build-windows-amd64-cygwin\jdk8u121\8372\hotspot\src\share\vm\prims
Event: 0.135 Thread 0x0000000002c85800 Exception <a 'java/security/PrivilegedActionException'> (0x00000000d5e774a0) thrown at [C:\re\workspace\8-2-build-windows-amd64-cygwin\jdk8u121\8372\hotspot\src\share\vm\prims\jvm.cpp, line 1390]
Event: 0.135 Thread 0x0000000002c85800 Exception <a 'java/security/PrivilegedActionException'> (0x00000000d5e77898) thrown at [C:\re\workspace\8-2-build-windows-amd64-cygwin\jdk8u121\8372\hotspot\src\share\vm\prims\jvm.cpp, line 1390]
Event: 0.135 Thread 0x0000000002c85800 Exception <a 'java/security/PrivilegedActionException'> (0x00000000d5e7b990) thrown at [C:\re\workspace\8-2-build-windows-amd64-cygwin\jdk8u121\8372\hotspot\src\share\vm\prims\jvm.cpp, line 1390]
Event: 0.135 Thread 0x0000000002c85800 Exception <a 'java/security/PrivilegedActionException'> (0x00000000d5e7bd88) thrown at [C:\re\workspace\8-2-build-windows-amd64-cygwin\jdk8u121\8372\hotspot\src\share\vm\prims\jvm.cpp, line 1390]
Event: 0.142 Thread 0x0000000002c85800 Exception <a 'java/security/PrivilegedActionException'> (0x00000000d5d08e00) thrown at [C:\re\workspace\8-2-build-windows-amd64-cygwin\jdk8u121\8372\hotspot\src\share\vm\prims\jvm.cpp, line 1390]
Event: 0.142 Thread 0x0000000002c85800 Exception <a 'java/security/PrivilegedActionException'> (0x00000000d5d091f8) thrown at [C:\re\workspace\8-2-build-windows-amd64-cygwin\jdk8u121\8372\hotspot\src\share\vm\prims\jvm.cpp, line 1390]
Event: 0.198 Thread 0x0000000002c85800 Exception <a 'java/lang/OutOfMemoryError'> (0x00000000d5d02018) thrown at [C:\re\workspace\8-2-build-windows-amd64-cygwin\jdk8u121\8372\hotspot\src\share\vm\prims\jni.cpp, line 735]
Event: 0.198 Thread 0x0000000002c85800 Exception <a 'java/lang/OutOfMemoryError'> (0x00000000d5d02018) thrown at [C:\re\workspace\8-2-build-windows-amd64-cygwin\jdk8u121\8372\hotspot\src\share\vm\prims\jvm.cpp, line 1394]

Events (10 events):
Event: 0.222 loading class com/sun/tools/javac/util/Log$WriterKind done
Event: 0.222 loading class com/sun/tools/javac/util/Log$2
Event: 0.222 loading class com/sun/tools/javac/util/Log$2 done
Event: 0.223 loading class java/lang/NoSuchFieldError
Event: 0.223 loading class java/lang/NoSuchFieldError done
Event: 0.223 loading class com/sun/tools/javac/util/JCDiagnostic$DiagnosticType
Event: 0.223 loading class com/sun/tools/javac/util/JCDiagnostic$DiagnosticType done
Event: 0.223 loading class java/lang/Throwable$WrappedPrintWriter
Event: 0.223 loading class java/lang/Throwable$PrintStreamOrWriter
Event: 0.223 loading class java/lang/Throwable$PrintStreamOrWriter done


Dynamic libraries:
0x00007ff7e9bc0000 - 0x00007ff7e9bc7000 	C:\Program Files\Java\jdk1.8.0_121\bin\javac.exe
0x00007ffaa7480000 - 0x00007ffaa7661000 	C:\WINDOWS\SYSTEM32\ntdll.dll
0x00007ffaa56d0000 - 0x00007ffaa5782000 	C:\WINDOWS\System32\KERNEL32.DLL
0x00007ffaa4590000 - 0x00007ffaa4803000 	C:\WINDOWS\System32\KERNELBASE.dll
0x00007ffaa1610000 - 0x00007ffaa169b000 	C:\WINDOWS\SYSTEM32\apphelp.dll
0x00007ffa761c0000 - 0x00007ffa7664f000 	C:\WINDOWS\SYSTEM32\AcLayers.DLL
0x00007ffaa4d50000 - 0x00007ffaa4dee000 	C:\WINDOWS\System32\msvcrt.dll
0x00007ffaa4910000 - 0x00007ffaa4aa0000 	C:\WINDOWS\System32\USER32.dll
0x00007ffaa39f0000 - 0x00007ffaa3a10000 	C:\WINDOWS\System32\win32u.dll
0x00007ffaa7330000 - 0x00007ffaa7358000 	C:\WINDOWS\System32\GDI32.dll
0x00007ffaa3850000 - 0x00007ffaa39e2000 	C:\WINDOWS\System32\gdi32full.dll
0x00007ffaa44f0000 - 0x00007ffaa458f000 	C:\WINDOWS\System32\msvcp_win.dll
0x00007ffaa4810000 - 0x00007ffaa490a000 	C:\WINDOWS\System32\ucrtbase.dll
0x00007ffaa4e60000 - 0x00007ffaa4eb1000 	C:\WINDOWS\System32\SHLWAPI.dll
0x00007ffaa53a0000 - 0x00007ffaa56c3000 	C:\WINDOWS\System32\combase.dll
0x00007ffaa4ac0000 - 0x00007ffaa4be4000 	C:\WINDOWS\System32\RPCRT4.dll
0x00007ffaa3c50000 - 0x00007ffaa3cca000 	C:\WINDOWS\System32\bcryptPrimitives.dll
0x00007ffa9cc20000 - 0x00007ffa9cca4000 	C:\WINDOWS\SYSTEM32\WINSPOOL.DRV
0x00007ffaa37c0000 - 0x00007ffaa37d1000 	C:\WINDOWS\System32\kernel.appcore.dll
0x00007ffaa2530000 - 0x00007ffaa26e4000 	C:\WINDOWS\SYSTEM32\PROPSYS.dll
0x00007ffaa7370000 - 0x00007ffaa7432000 	C:\WINDOWS\System32\OLEAUT32.dll
0x00007ffaa4ca0000 - 0x00007ffaa4d49000 	C:\WINDOWS\System32\shcore.dll
0x00007ffaa4e00000 - 0x00007ffaa4e5b000 	C:\WINDOWS\System32\sechost.dll
0x00007ffaa2d30000 - 0x00007ffaa2d68000 	C:\WINDOWS\SYSTEM32\IPHLPAPI.DLL
0x00007ffaa32f0000 - 0x00007ffaa3315000 	C:\WINDOWS\SYSTEM32\bcrypt.dll
0x0000000000680000 - 0x0000000000683000 	C:\WINDOWS\SYSTEM32\sfc.dll
0x00007ffa9fe10000 - 0x00007ffa9fe23000 	C:\WINDOWS\SYSTEM32\sfc_os.DLL
0x00007ffa8f0d0000 - 0x00007ffa8f0e1000 	C:\WINDOWS\SYSTEM32\SortWindows61.dll
0x00007ffaa5970000 - 0x00007ffaa599d000 	C:\WINDOWS\System32\IMM32.DLL
0x0000000071570000 - 0x000000007159f000 	C:\Program Files\Java\jdk1.8.0_121\bin\jli.dll
0x0000000071490000 - 0x0000000071562000 	C:\Program Files\Java\jdk1.8.0_121\bin\MSVCR100.dll
0x00007ffaa4bf0000 - 0x00007ffaa4c91000 	C:\WINDOWS\System32\ADVAPI32.dll
0x00007ffa91370000 - 0x00007ffa915d9000 	C:\WINDOWS\WinSxS\amd64_microsoft.windows.common-controls_6595b64144ccf1df_6.0.17134.165_none_fb429645306569ac\COMCTL32.dll
0x0000000071cb0000 - 0x0000000071d82000 	C:\Program Files\Java\jdk1.8.0_121\jre\bin\msvcr100.dll
0x0000000071d90000 - 0x000000007262b000 	C:\Program Files\Java\jdk1.8.0_121\jre\bin\server\jvm.dll
0x00007ffaa4df0000 - 0x00007ffaa4df8000 	C:\WINDOWS\System32\PSAPI.DLL
0x00007ffa995b0000 - 0x00007ffa995b9000 	C:\WINDOWS\SYSTEM32\WSOCK32.dll
0x00007ffa9c650000 - 0x00007ffa9c673000 	C:\WINDOWS\SYSTEM32\WINMM.dll
0x00007ffa9f020000 - 0x00007ffa9f02a000 	C:\WINDOWS\SYSTEM32\VERSION.dll
0x00007ffaa5790000 - 0x00007ffaa57fc000 	C:\WINDOWS\System32\WS2_32.dll
0x00007ffa9c620000 - 0x00007ffa9c64a000 	C:\WINDOWS\SYSTEM32\winmmbase.dll
0x00007ffaa3c00000 - 0x00007ffaa3c49000 	C:\WINDOWS\System32\cfgmgr32.dll
0x0000000072d50000 - 0x0000000072d5f000 	C:\Program Files\Java\jdk1.8.0_121\jre\bin\verify.dll
0x0000000072d20000 - 0x0000000072d49000 	C:\Program Files\Java\jdk1.8.0_121\jre\bin\java.dll
0x0000000072d00000 - 0x0000000072d16000 	C:\Program Files\Java\jdk1.8.0_121\jre\bin\zip.dll
0x00007ffaa5ef0000 - 0x00007ffaa7330000 	C:\WINDOWS\System32\SHELL32.dll
0x00007ffaa3de0000 - 0x00007ffaa44ed000 	C:\WINDOWS\System32\windows.storage.dll
0x00007ffaa37e0000 - 0x00007ffaa37ff000 	C:\WINDOWS\System32\profapi.dll
0x00007ffaa3800000 - 0x00007ffaa384c000 	C:\WINDOWS\System32\powrprof.dll
0x00007ffaa37b0000 - 0x00007ffaa37ba000 	C:\WINDOWS\System32\FLTLIB.DLL

VM Arguments:
jvm_args: -Dapplication.home=C:\Program Files\Java\jdk1.8.0_121 -Xms8m 
java_command: com.sun.tools.javac.Main -d C:\Users\Marcos Paulo\Documents\GitHub\Ezmart\EzMartGit\EzMart\Model\build\classes -classpath C:\Users\Marcos Paulo\Documents\GitHub\Ezmart\EzMartGit\EzMart\Model\build\classes;C:\Program Files\NetBeans 8.2\ide\modules\ext\postgresql-9.4.1209.jar;C:\Users\Marcos Paulo\Documents\GitHub\Ezmart\EzMartGit\EzMart\lib\mail.jar -sourcepath C:\Users\Marcos Paulo\Documents\GitHub\Ezmart\EzMartGit\EzMart\Model\build\empty -target 1.8 -encoding UTF-8 -g -processorpath C:\Program Files\NetBeans 8.2\ide\modules\ext\postgresql-9.4.1209.jar;C:\Users\Marcos Paulo\Documents\GitHub\Ezmart\EzMartGit\EzMart\lib\mail.jar;C:\Users\Marcos Paulo\Documents\GitHub\Ezmart\EzMartGit\EzMart\Model\build\empty -s C:\Users\Marcos Paulo\Documents\GitHub\Ezmart\EzMartGit\EzMart\Model\build\generated-sources\ap-source-output -source 1.8 @C:\Users\MARCOS~2\AppData\Local\Temp\files1359387181485963023
java_class_path (initial): C:\Program Files\Java\jdk1.8.0_121/lib/tools.jar;C:\Program Files\Java\jdk1.8.0_121/classes
Launcher Type: SUN_STANDARD

Environment Variables:
PATH=C:\ProgramData\Oracle\Java\javapath;C:\Program Files (x86)\Intel\iCLS Client\;C:\Program Files\Intel\iCLS Client\;C:\Windows\system32;C:\Windows;C:\Windows\System32\Wbem;C:\Windows\System32\WindowsPowerShell\v1.0\;C:\Program Files (x86)\Intel\Intel(R) Management Engine Components\DAL;C:\Program Files\Intel\Intel(R) Management Engine Components\DAL;C:\Program Files (x86)\Intel\Intel(R) Management Engine Components\IPT;C:\Program Files\Intel\Intel(R) Management Engine Components\IPT;C:\Users\Marcos Paulo\.dnx\bin;C:\Program Files\Microsoft DNX\Dnvm\;C:\Program Files\Microsoft SQL Server\130\Tools\Binn\;C:\Program Files (x86)\NVIDIA Corporation\PhysX\Common;C:\WINDOWS\system32;C:\WINDOWS;C:\WINDOWS\System32\Wbem;C:\WINDOWS\System32\WindowsPowerShell\v1.0\;C:\Program Files\nodejs\;C:\Program Files\MySQL\MySQL Utilities 1.6\;C:\Program Files\TortoiseSVN\bin;C:\WINDOWS\System32\OpenSSH\;C:\Program Files\VisualSVN Server\bin;C:\Users\Marcos Paulo\AppData\Local\Microsoft\WindowsApps;C:\Users\Marcos Paulo\AppData\Roaming\npm;C:\Program Files (x86)\OpenVPN\bin
USERNAME=Marcos Paulo
OS=Windows_NT
PROCESSOR_IDENTIFIER=Intel64 Family 6 Model 61 Stepping 4, GenuineIntel



---------------  S Y S T E M  ---------------

OS: Windows 10.0 , 64 bit Build 17134 (10.0.17134.1)

CPU:total 4 (2 cores per cpu, 2 threads per core) family 6 model 61 stepping 4, cmov, cx8, fxsr, mmx, sse, sse2, sse3, ssse3, sse4.1, sse4.2, popcnt, avx, avx2, aes, clmul, erms, 3dnowpref, lzcnt, ht, tsc, tscinvbit, bmi1, bmi2, adx

Memory: 4k page, physical 8296728k(1033872k free), swap 8296728k(3280k free)

vm_info: Java HotSpot(TM) 64-Bit Server VM (25.121-b13) for windows-amd64 JRE (1.8.0_121-b13), built on Dec 12 2016 18:21:36 by "java_re" with MS VC++ 10.0 (VS2010)

time: Fri Aug 10 19:57:53 2018
elapsed time: 0 seconds (0d 0h 0m 0s)

